<?xml version="1.0" encoding="UTF-8"?>
<coverage generated="1747417384125" clover="3.2.0">
  <project timestamp="1747417384125" name="All files">
    <metrics statements="63" coveredstatements="63" conditionals="22" coveredconditionals="22" methods="26" coveredmethods="26" elements="111" coveredelements="111" complexity="0" loc="63" ncloc="63" packages="3" files="6" classes="6"/>
    <package name="card">
      <metrics statements="25" coveredstatements="25" conditionals="17" coveredconditionals="17" methods="6" coveredmethods="6"/>
      <file name="card.ts" path="/Users/jereddowden/Documents/uno-cursor/uno-game/src/card/card.ts">
        <metrics statements="24" coveredstatements="24" conditionals="17" coveredconditionals="17" methods="5" coveredmethods="5"/>
        <line num="3" count="3" type="stmt"/>
        <line num="5" count="2180" type="stmt"/>
        <line num="6" count="2180" type="stmt"/>
        <line num="7" count="2180" type="stmt"/>
        <line num="11" count="239" type="cond" truecount="1" falsecount="0"/>
        <line num="12" count="161" type="stmt"/>
        <line num="14" count="78" type="stmt"/>
        <line num="19" count="54" type="cond" truecount="3" falsecount="0"/>
        <line num="20" count="7" type="stmt"/>
        <line num="24" count="47" type="cond" truecount="1" falsecount="0"/>
        <line num="25" count="18" type="stmt"/>
        <line num="29" count="29" type="cond" truecount="3" falsecount="0"/>
        <line num="30" count="17" type="stmt"/>
        <line num="34" count="12" type="cond" truecount="3" falsecount="0"/>
        <line num="35" count="7" type="stmt"/>
        <line num="38" count="5" type="stmt"/>
        <line num="42" count="12" type="stmt"/>
        <line num="46" count="21" type="cond" truecount="6" falsecount="0"/>
        <line num="48" count="6" type="stmt"/>
        <line num="50" count="1" type="stmt"/>
        <line num="52" count="1" type="stmt"/>
        <line num="54" count="1" type="stmt"/>
        <line num="56" count="1" type="stmt"/>
        <line num="58" count="11" type="stmt"/>
      </file>
      <file name="index.ts" path="/Users/jereddowden/Documents/uno-cursor/uno-game/src/card/index.ts">
        <metrics statements="1" coveredstatements="1" conditionals="0" coveredconditionals="0" methods="1" coveredmethods="1"/>
        <line num="1" count="2184" type="stmt"/>
      </file>
    </package>
    <package name="deck">
      <metrics statements="26" coveredstatements="26" conditionals="2" coveredconditionals="2" methods="10" coveredmethods="10"/>
      <file name="deck.ts" path="/Users/jereddowden/Documents/uno-cursor/uno-game/src/deck/deck.ts">
        <metrics statements="25" coveredstatements="25" conditionals="2" coveredconditionals="2" methods="9" coveredmethods="9"/>
        <line num="3" count="1" type="stmt"/>
        <line num="5" count="1" type="stmt"/>
        <line num="6" count="18" type="stmt"/>
        <line num="9" count="18" type="stmt"/>
        <line num="13" count="18" type="stmt"/>
        <line num="14" count="18" type="stmt"/>
        <line num="15" count="18" type="stmt"/>
        <line num="18" count="18" type="stmt"/>
        <line num="19" count="72" type="stmt"/>
        <line num="21" count="720" type="cond" truecount="2" falsecount="0"/>
        <line num="22" count="72" type="stmt"/>
        <line num="24" count="648" type="stmt"/>
        <line num="25" count="648" type="stmt"/>
        <line num="30" count="72" type="stmt"/>
        <line num="31" count="216" type="stmt"/>
        <line num="32" count="216" type="stmt"/>
        <line num="37" count="18" type="stmt"/>
        <line num="38" count="72" type="stmt"/>
        <line num="39" count="72" type="stmt"/>
        <line num="44" count="9" type="stmt"/>
        <line num="45" count="961" type="stmt"/>
        <line num="46" count="961" type="stmt"/>
        <line num="51" count="766" type="stmt"/>
        <line num="55" count="6" type="stmt"/>
        <line num="59" count="781" type="stmt"/>
      </file>
      <file name="index.ts" path="/Users/jereddowden/Documents/uno-cursor/uno-game/src/deck/index.ts">
        <metrics statements="1" coveredstatements="1" conditionals="0" coveredconditionals="0" methods="1" coveredmethods="1"/>
        <line num="1" count="19" type="stmt"/>
      </file>
    </package>
    <package name="player">
      <metrics statements="12" coveredstatements="12" conditionals="3" coveredconditionals="3" methods="10" coveredmethods="10"/>
      <file name="index.ts" path="/Users/jereddowden/Documents/uno-cursor/uno-game/src/player/index.ts">
        <metrics statements="1" coveredstatements="1" conditionals="0" coveredconditionals="0" methods="1" coveredmethods="1"/>
        <line num="1" count="53" type="stmt"/>
      </file>
      <file name="player.ts" path="/Users/jereddowden/Documents/uno-cursor/uno-game/src/player/player.ts">
        <metrics statements="11" coveredstatements="11" conditionals="3" coveredconditionals="3" methods="9" coveredmethods="9"/>
        <line num="3" count="1" type="stmt"/>
        <line num="4" count="52" type="stmt"/>
        <line num="6" count="52" type="stmt"/>
        <line num="9" count="64" type="stmt"/>
        <line num="13" count="10" type="cond" truecount="3" falsecount="0"/>
        <line num="14" count="7" type="stmt"/>
        <line num="16" count="3" type="stmt"/>
        <line num="20" count="13" type="stmt"/>
        <line num="24" count="14" type="stmt"/>
        <line num="28" count="8" type="stmt"/>
        <line num="32" count="30" type="stmt"/>
      </file>
    </package>
  </project>
</coverage>
