TN:
SF:src/card/card.ts
FN:4,(anonymous_0)
FN:10,(anonymous_1)
FN:17,(anonymous_2)
FN:41,(anonymous_3)
FN:45,(anonymous_4)
FNF:5
FNH:5
FNDA:2180,(anonymous_0)
FNDA:239,(anonymous_1)
FNDA:54,(anonymous_2)
FNDA:12,(anonymous_3)
FNDA:21,(anonymous_4)
DA:3,3
DA:5,2180
DA:6,2180
DA:7,2180
DA:11,239
DA:12,161
DA:14,78
DA:19,54
DA:20,7
DA:24,47
DA:25,18
DA:29,29
DA:30,17
DA:34,12
DA:35,7
DA:38,5
DA:42,12
DA:46,21
DA:48,6
DA:50,1
DA:52,1
DA:54,1
DA:56,1
DA:58,11
LF:24
LH:24
BRDA:11,0,0,161
BRDA:19,1,0,7
BRDA:19,2,0,54
BRDA:19,2,1,50
BRDA:24,3,0,18
BRDA:29,4,0,17
BRDA:29,5,0,29
BRDA:29,5,1,21
BRDA:34,6,0,7
BRDA:34,7,0,12
BRDA:34,7,1,8
BRDA:46,8,0,6
BRDA:46,8,1,1
BRDA:46,8,2,1
BRDA:46,8,3,1
BRDA:46,8,4,1
BRDA:46,8,5,11
BRF:17
BRH:17
end_of_record
TN:
SF:src/card/index.ts
FN:1,(anonymous_0)
FNF:1
FNH:1
FNDA:2181,(anonymous_0)
DA:1,2184
LF:1
LH:1
BRF:0
BRH:0
end_of_record
TN:
SF:src/deck/deck.ts
FN:8,(anonymous_0)
FN:12,(anonymous_1)
FN:18,(anonymous_2)
FN:19,(anonymous_3)
FN:30,(anonymous_4)
FN:43,(anonymous_5)
FN:50,(anonymous_6)
FN:54,(anonymous_7)
FN:58,(anonymous_8)
FNF:9
FNH:9
FNDA:18,(anonymous_0)
FNDA:18,(anonymous_1)
FNDA:72,(anonymous_2)
FNDA:720,(anonymous_3)
FNDA:216,(anonymous_4)
FNDA:9,(anonymous_5)
FNDA:766,(anonymous_6)
FNDA:6,(anonymous_7)
FNDA:781,(anonymous_8)
DA:3,1
DA:5,1
DA:6,18
DA:9,18
DA:13,18
DA:14,18
DA:15,18
DA:18,18
DA:19,72
DA:21,720
DA:22,72
DA:24,648
DA:25,648
DA:30,72
DA:31,216
DA:32,216
DA:37,18
DA:38,72
DA:39,72
DA:44,9
DA:45,961
DA:46,961
DA:51,766
DA:55,6
DA:59,781
LF:25
LH:25
BRDA:21,0,0,72
BRDA:21,0,1,648
BRF:2
BRH:2
end_of_record
TN:
SF:src/deck/index.ts
FN:1,(anonymous_0)
FNF:1
FNH:1
FNDA:18,(anonymous_0)
DA:1,19
LF:1
LH:1
BRF:0
BRH:0
end_of_record
TN:
SF:src/player/index.ts
FN:1,(anonymous_0)
FNF:1
FNH:1
FNDA:52,(anonymous_0)
DA:1,53
LF:1
LH:1
BRF:0
BRH:0
end_of_record
TN:
SF:src/player/player.ts
FN:6,(anonymous_0)
FN:8,(anonymous_1)
FN:12,(anonymous_2)
FN:19,(anonymous_3)
FN:23,(anonymous_4)
FN:27,(anonymous_5)
FN:28,(anonymous_6)
FN:31,(anonymous_7)
FN:32,(anonymous_8)
FNF:9
FNH:9
FNDA:52,(anonymous_0)
FNDA:64,(anonymous_1)
FNDA:10,(anonymous_2)
FNDA:13,(anonymous_3)
FNDA:14,(anonymous_4)
FNDA:3,(anonymous_5)
FNDA:8,(anonymous_6)
FNDA:30,(anonymous_7)
FNDA:30,(anonymous_8)
DA:3,1
DA:4,52
DA:6,52
DA:9,64
DA:13,10
DA:14,7
DA:16,3
DA:20,13
DA:24,14
DA:28,8
DA:32,30
LF:11
LH:11
BRDA:13,0,0,7
BRDA:13,1,0,10
BRDA:13,1,1,9
BRF:3
BRH:3
end_of_record
